This is XeTeX, Version 3.141592653-2.6-0.999997 (MiKTeX 25.4) (preloaded format=xelatex 2025.5.7)  24 JUN 2025 18:00
entering extended mode
 restricted \write18 enabled.
 %&-line parsing enabled.
**"./Tableau tikz.tex"
(Tableau tikz.tex
LaTeX2e <2024-06-01> patch level 2
L3 programming layer <2024-08-30>
(/usr/local/share/miktex-texmf/tex/latex/standalone/standalone.cls
Document Class: standalone 2022/10/10 v1.3b Class to compile TeX sub-files stan
dalone
(/usr/local/share/miktex-texmf/tex/latex/tools/shellesc.sty
Package: shellesc 2023/07/08 v1.0d unified shell escape interface for LaTeX
Package shellesc Info: Restricted shell escape enabled on input line 77.
)
(/usr/local/share/miktex-texmf/tex/generic/iftex/ifluatex.sty
Package: ifluatex 2019/10/25 v1.5 ifluatex legacy package. Use iftex instead.

(/usr/local/share/miktex-texmf/tex/generic/iftex/iftex.sty
Package: iftex 2022/02/03 v1.0f TeX engine tests
))
(/usr/local/share/miktex-texmf/tex/latex/xkeyval/xkeyval.sty
Package: xkeyval 2022/06/16 v2.9 package option processing (HA)

(/usr/local/share/miktex-texmf/tex/generic/xkeyval/xkeyval.tex
(/usr/local/share/miktex-texmf/tex/generic/xkeyval/xkvutils.tex
\XKV@toks=\toks17
\XKV@tempa@toks=\toks18

(/usr/local/share/miktex-texmf/tex/generic/xkeyval/keyval.tex))
\XKV@depth=\count190
File: xkeyval.tex 2014/12/03 v2.7a key=value parser (HA)
))
\sa@internal=\count191
\c@sapage=\count192

(/usr/local/share/miktex-texmf/tex/latex/standalone/standalone.cfg
File: standalone.cfg 2022/10/10 v1.3b Default configuration file for 'standalon
e' class
)
(/usr/local/share/miktex-texmf/tex/latex/base/article.cls
Document Class: article 2024/02/08 v1.4n Standard LaTeX document class
(/usr/local/share/miktex-texmf/tex/latex/base/size10.clo
File: size10.clo 2024/02/08 v1.4n Standard LaTeX file (size option)
)
\c@part=\count193
\c@section=\count194
\c@subsection=\count195
\c@subsubsection=\count196
\c@paragraph=\count197
\c@subparagraph=\count198
\c@figure=\count199
\c@table=\count266
\abovecaptionskip=\skip49
\belowcaptionskip=\skip50
\bibindent=\dimen141
)
\sa@box=\box52
)
(/usr/local/share/miktex-texmf/tex/latex/pgf/frontendlayer/tikz.sty
(/usr/local/share/miktex-texmf/tex/latex/pgf/basiclayer/pgf.sty
(/usr/local/share/miktex-texmf/tex/latex/pgf/utilities/pgfrcs.sty
(/usr/local/share/miktex-texmf/tex/generic/pgf/utilities/pgfutil-common.tex
\pgfutil@everybye=\toks19
\pgfutil@tempdima=\dimen142
\pgfutil@tempdimb=\dimen143
)
(/usr/local/share/miktex-texmf/tex/generic/pgf/utilities/pgfutil-latex.def
\pgfutil@abb=\box53
)
(/usr/local/share/miktex-texmf/tex/generic/pgf/utilities/pgfrcs.code.tex
(/usr/local/share/miktex-texmf/tex/generic/pgf/pgf.revision.tex)
Package: pgfrcs 2023-01-15 v3.1.10 (3.1.10)
))
Package: pgf 2023-01-15 v3.1.10 (3.1.10)

(/usr/local/share/miktex-texmf/tex/latex/pgf/basiclayer/pgfcore.sty
(/usr/local/share/miktex-texmf/tex/latex/graphics/graphicx.sty
Package: graphicx 2021/09/16 v1.2d Enhanced LaTeX Graphics (DPC,SPQR)

(/usr/local/share/miktex-texmf/tex/latex/graphics/graphics.sty
Package: graphics 2024/05/23 v1.4g Standard LaTeX Graphics (DPC,SPQR)

(/usr/local/share/miktex-texmf/tex/latex/graphics/trig.sty
Package: trig 2023/12/02 v1.11 sin cos tan (DPC)
)
(/usr/local/share/miktex-texmf/tex/latex/graphics-cfg/graphics.cfg
File: graphics.cfg 2016/06/04 v1.11 sample graphics configuration
)
Package graphics Info: Driver file: xetex.def on input line 106.

(/usr/local/share/miktex-texmf/tex/latex/graphics-def/xetex.def
File: xetex.def 2022/09/22 v5.0n Graphics/color driver for xetex
))
\Gin@req@height=\dimen144
\Gin@req@width=\dimen145
)
(/usr/local/share/miktex-texmf/tex/latex/pgf/systemlayer/pgfsys.sty
(/usr/local/share/miktex-texmf/tex/generic/pgf/systemlayer/pgfsys.code.tex
Package: pgfsys 2023-01-15 v3.1.10 (3.1.10)

(/usr/local/share/miktex-texmf/tex/generic/pgf/utilities/pgfkeys.code.tex
\pgfkeys@pathtoks=\toks20
\pgfkeys@temptoks=\toks21

(/usr/local/share/miktex-texmf/tex/generic/pgf/utilities/pgfkeyslibraryfiltered
.code.tex
\pgfkeys@tmptoks=\toks22
))
\pgf@x=\dimen146
\pgf@y=\dimen147
\pgf@xa=\dimen148
\pgf@ya=\dimen149
\pgf@xb=\dimen150
\pgf@yb=\dimen151
\pgf@xc=\dimen152
\pgf@yc=\dimen153
\pgf@xd=\dimen154
\pgf@yd=\dimen155
\w@pgf@writea=\write3
\r@pgf@reada=\read2
\c@pgf@counta=\count267
\c@pgf@countb=\count268
\c@pgf@countc=\count269
\c@pgf@countd=\count270
\t@pgf@toka=\toks23
\t@pgf@tokb=\toks24
\t@pgf@tokc=\toks25
\pgf@sys@id@count=\count271
 (/usr/local/share/miktex-texmf/tex/generic/pgf/systemlayer/pgf.cfg
File: pgf.cfg 2023-01-15 v3.1.10 (3.1.10)
)
Driver file for pgf: pgfsys-xetex.def
(/usr/local/share/miktex-texmf/tex/generic/pgf/systemlayer/pgfsys-xetex.def
File: pgfsys-xetex.def 2023-01-15 v3.1.10 (3.1.10)

(/usr/local/share/miktex-texmf/tex/generic/pgf/systemlayer/pgfsys-dvipdfmx.def
File: pgfsys-dvipdfmx.def 2023-01-15 v3.1.10 (3.1.10)

(/usr/local/share/miktex-texmf/tex/generic/pgf/systemlayer/pgfsys-common-pdf.de
f
File: pgfsys-common-pdf.def 2023-01-15 v3.1.10 (3.1.10)
)
\pgfsys@objnum=\count272
)))
(/usr/local/share/miktex-texmf/tex/generic/pgf/systemlayer/pgfsyssoftpath.code.
tex
File: pgfsyssoftpath.code.tex 2023-01-15 v3.1.10 (3.1.10)
\pgfsyssoftpath@smallbuffer@items=\count273
\pgfsyssoftpath@bigbuffer@items=\count274
)
(/usr/local/share/miktex-texmf/tex/generic/pgf/systemlayer/pgfsysprotocol.code.
tex
File: pgfsysprotocol.code.tex 2023-01-15 v3.1.10 (3.1.10)
)) (/usr/local/share/miktex-texmf/tex/latex/xcolor/xcolor.sty
Package: xcolor 2023/11/15 v3.01 LaTeX color extensions (UK)

(/usr/local/share/miktex-texmf/tex/latex/graphics-cfg/color.cfg
File: color.cfg 2016/01/02 v1.6 sample color configuration
)
Package xcolor Info: Driver file: xetex.def on input line 274.

(/usr/local/share/miktex-texmf/tex/latex/graphics/mathcolor.ltx)
Package xcolor Info: Model `cmy' substituted by `cmy0' on input line 1350.
Package xcolor Info: Model `RGB' extended on input line 1366.
Package xcolor Info: Model `HTML' substituted by `rgb' on input line 1368.
Package xcolor Info: Model `Hsb' substituted by `hsb' on input line 1369.
Package xcolor Info: Model `tHsb' substituted by `hsb' on input line 1370.
Package xcolor Info: Model `HSB' substituted by `hsb' on input line 1371.
Package xcolor Info: Model `Gray' substituted by `gray' on input line 1372.
Package xcolor Info: Model `wave' substituted by `hsb' on input line 1373.
)
(/usr/local/share/miktex-texmf/tex/generic/pgf/basiclayer/pgfcore.code.tex
Package: pgfcore 2023-01-15 v3.1.10 (3.1.10)

(/usr/local/share/miktex-texmf/tex/generic/pgf/math/pgfmath.code.tex
(/usr/local/share/miktex-texmf/tex/generic/pgf/math/pgfmathutil.code.tex)
(/usr/local/share/miktex-texmf/tex/generic/pgf/math/pgfmathparser.code.tex
\pgfmath@dimen=\dimen156
\pgfmath@count=\count275
\pgfmath@box=\box54
\pgfmath@toks=\toks26
\pgfmath@stack@operand=\toks27
\pgfmath@stack@operation=\toks28
)
(/usr/local/share/miktex-texmf/tex/generic/pgf/math/pgfmathfunctions.code.tex)
(/usr/local/share/miktex-texmf/tex/generic/pgf/math/pgfmathfunctions.basic.code
.tex)
(/usr/local/share/miktex-texmf/tex/generic/pgf/math/pgfmathfunctions.trigonomet
ric.code.tex)
(/usr/local/share/miktex-texmf/tex/generic/pgf/math/pgfmathfunctions.random.cod
e.tex)
(/usr/local/share/miktex-texmf/tex/generic/pgf/math/pgfmathfunctions.comparison
.code.tex)
(/usr/local/share/miktex-texmf/tex/generic/pgf/math/pgfmathfunctions.base.code.
tex)
(/usr/local/share/miktex-texmf/tex/generic/pgf/math/pgfmathfunctions.round.code
.tex)
(/usr/local/share/miktex-texmf/tex/generic/pgf/math/pgfmathfunctions.misc.code.
tex)
(/usr/local/share/miktex-texmf/tex/generic/pgf/math/pgfmathfunctions.integerari
thmetics.code.tex)
(/usr/local/share/miktex-texmf/tex/generic/pgf/math/pgfmathcalc.code.tex)
(/usr/local/share/miktex-texmf/tex/generic/pgf/math/pgfmathfloat.code.tex
\c@pgfmathroundto@lastzeros=\count276
))
(/usr/local/share/miktex-texmf/tex/generic/pgf/math/pgfint.code.tex)
(/usr/local/share/miktex-texmf/tex/generic/pgf/basiclayer/pgfcorepoints.code.te
x
File: pgfcorepoints.code.tex 2023-01-15 v3.1.10 (3.1.10)
\pgf@picminx=\dimen157
\pgf@picmaxx=\dimen158
\pgf@picminy=\dimen159
\pgf@picmaxy=\dimen160
\pgf@pathminx=\dimen161
\pgf@pathmaxx=\dimen162
\pgf@pathminy=\dimen163
\pgf@pathmaxy=\dimen164
\pgf@xx=\dimen165
\pgf@xy=\dimen166
\pgf@yx=\dimen167
\pgf@yy=\dimen168
\pgf@zx=\dimen169
\pgf@zy=\dimen170
)
(/usr/local/share/miktex-texmf/tex/generic/pgf/basiclayer/pgfcorepathconstruct.
code.tex
File: pgfcorepathconstruct.code.tex 2023-01-15 v3.1.10 (3.1.10)
\pgf@path@lastx=\dimen171
\pgf@path@lasty=\dimen172
)
(/usr/local/share/miktex-texmf/tex/generic/pgf/basiclayer/pgfcorepathusage.code
.tex
File: pgfcorepathusage.code.tex 2023-01-15 v3.1.10 (3.1.10)
\pgf@shorten@end@additional=\dimen173
\pgf@shorten@start@additional=\dimen174
)
(/usr/local/share/miktex-texmf/tex/generic/pgf/basiclayer/pgfcorescopes.code.te
x
File: pgfcorescopes.code.tex 2023-01-15 v3.1.10 (3.1.10)
\pgfpic=\box55
\pgf@hbox=\box56
\pgf@layerbox@main=\box57
\pgf@picture@serial@count=\count277
)
(/usr/local/share/miktex-texmf/tex/generic/pgf/basiclayer/pgfcoregraphicstate.c
ode.tex
File: pgfcoregraphicstate.code.tex 2023-01-15 v3.1.10 (3.1.10)
\pgflinewidth=\dimen175
)
(/usr/local/share/miktex-texmf/tex/generic/pgf/basiclayer/pgfcoretransformation
s.code.tex
File: pgfcoretransformations.code.tex 2023-01-15 v3.1.10 (3.1.10)
\pgf@pt@x=\dimen176
\pgf@pt@y=\dimen177
\pgf@pt@temp=\dimen178
)
(/usr/local/share/miktex-texmf/tex/generic/pgf/basiclayer/pgfcorequick.code.tex
File: pgfcorequick.code.tex 2023-01-15 v3.1.10 (3.1.10)
)
(/usr/local/share/miktex-texmf/tex/generic/pgf/basiclayer/pgfcoreobjects.code.t
ex
File: pgfcoreobjects.code.tex 2023-01-15 v3.1.10 (3.1.10)
)
(/usr/local/share/miktex-texmf/tex/generic/pgf/basiclayer/pgfcorepathprocessing
.code.tex
File: pgfcorepathprocessing.code.tex 2023-01-15 v3.1.10 (3.1.10)
)
(/usr/local/share/miktex-texmf/tex/generic/pgf/basiclayer/pgfcorearrows.code.te
x
File: pgfcorearrows.code.tex 2023-01-15 v3.1.10 (3.1.10)
\pgfarrowsep=\dimen179
)
(/usr/local/share/miktex-texmf/tex/generic/pgf/basiclayer/pgfcoreshade.code.tex
File: pgfcoreshade.code.tex 2023-01-15 v3.1.10 (3.1.10)
\pgf@max=\dimen180
\pgf@sys@shading@range@num=\count278
\pgf@shadingcount=\count279
)
(/usr/local/share/miktex-texmf/tex/generic/pgf/basiclayer/pgfcoreimage.code.tex
File: pgfcoreimage.code.tex 2023-01-15 v3.1.10 (3.1.10)
)
(/usr/local/share/miktex-texmf/tex/generic/pgf/basiclayer/pgfcoreexternal.code.
tex
File: pgfcoreexternal.code.tex 2023-01-15 v3.1.10 (3.1.10)
\pgfexternal@startupbox=\box58
)
(/usr/local/share/miktex-texmf/tex/generic/pgf/basiclayer/pgfcorelayers.code.te
x
File: pgfcorelayers.code.tex 2023-01-15 v3.1.10 (3.1.10)
)
(/usr/local/share/miktex-texmf/tex/generic/pgf/basiclayer/pgfcoretransparency.c
ode.tex
File: pgfcoretransparency.code.tex 2023-01-15 v3.1.10 (3.1.10)
)
(/usr/local/share/miktex-texmf/tex/generic/pgf/basiclayer/pgfcorepatterns.code.
tex
File: pgfcorepatterns.code.tex 2023-01-15 v3.1.10 (3.1.10)
)
(/usr/local/share/miktex-texmf/tex/generic/pgf/basiclayer/pgfcorerdf.code.tex
File: pgfcorerdf.code.tex 2023-01-15 v3.1.10 (3.1.10)
)))
(/usr/local/share/miktex-texmf/tex/generic/pgf/modules/pgfmoduleshapes.code.tex
File: pgfmoduleshapes.code.tex 2023-01-15 v3.1.10 (3.1.10)
\pgfnodeparttextbox=\box59
) (/usr/local/share/miktex-texmf/tex/generic/pgf/modules/pgfmoduleplot.code.tex
File: pgfmoduleplot.code.tex 2023-01-15 v3.1.10 (3.1.10)
)
(/usr/local/share/miktex-texmf/tex/latex/pgf/compatibility/pgfcomp-version-0-65
.sty
Package: pgfcomp-version-0-65 2023-01-15 v3.1.10 (3.1.10)
\pgf@nodesepstart=\dimen181
\pgf@nodesepend=\dimen182
)
(/usr/local/share/miktex-texmf/tex/latex/pgf/compatibility/pgfcomp-version-1-18
.sty
Package: pgfcomp-version-1-18 2023-01-15 v3.1.10 (3.1.10)
)) (/usr/local/share/miktex-texmf/tex/latex/pgf/utilities/pgffor.sty
(/usr/local/share/miktex-texmf/tex/latex/pgf/utilities/pgfkeys.sty
(/usr/local/share/miktex-texmf/tex/generic/pgf/utilities/pgfkeys.code.tex))
(/usr/local/share/miktex-texmf/tex/latex/pgf/math/pgfmath.sty
(/usr/local/share/miktex-texmf/tex/generic/pgf/math/pgfmath.code.tex))
(/usr/local/share/miktex-texmf/tex/generic/pgf/utilities/pgffor.code.tex
Package: pgffor 2023-01-15 v3.1.10 (3.1.10)
\pgffor@iter=\dimen183
\pgffor@skip=\dimen184
\pgffor@stack=\toks29
\pgffor@toks=\toks30
))
(/usr/local/share/miktex-texmf/tex/generic/pgf/frontendlayer/tikz/tikz.code.tex
Package: tikz 2023-01-15 v3.1.10 (3.1.10)

(/usr/local/share/miktex-texmf/tex/generic/pgf/libraries/pgflibraryplothandlers
.code.tex
File: pgflibraryplothandlers.code.tex 2023-01-15 v3.1.10 (3.1.10)
\pgf@plot@mark@count=\count280
\pgfplotmarksize=\dimen185
)
\tikz@lastx=\dimen186
\tikz@lasty=\dimen187
\tikz@lastxsaved=\dimen188
\tikz@lastysaved=\dimen189
\tikz@lastmovetox=\dimen190
\tikz@lastmovetoy=\dimen191
\tikzleveldistance=\dimen192
\tikzsiblingdistance=\dimen193
\tikz@figbox=\box60
\tikz@figbox@bg=\box61
\tikz@tempbox=\box62
\tikz@tempbox@bg=\box63
\tikztreelevel=\count281
\tikznumberofchildren=\count282
\tikznumberofcurrentchild=\count283
\tikz@fig@count=\count284

(/usr/local/share/miktex-texmf/tex/generic/pgf/modules/pgfmodulematrix.code.tex
File: pgfmodulematrix.code.tex 2023-01-15 v3.1.10 (3.1.10)
\pgfmatrixcurrentrow=\count285
\pgfmatrixcurrentcolumn=\count286
\pgf@matrix@numberofcolumns=\count287
)
\tikz@expandcount=\count288

(/usr/local/share/miktex-texmf/tex/generic/pgf/frontendlayer/tikz/libraries/tik
zlibrarytopaths.code.tex
File: tikzlibrarytopaths.code.tex 2023-01-15 v3.1.10 (3.1.10)
)))
(/usr/local/share/miktex-texmf/tex/generic/pgf/frontendlayer/tikz/libraries/tik
zlibrarymatrix.code.tex
File: tikzlibrarymatrix.code.tex 2023-01-15 v3.1.10 (3.1.10)
)
(/usr/local/share/miktex-texmf/tex/generic/pgf/frontendlayer/tikz/libraries/tik
zlibrarypositioning.code.tex
File: tikzlibrarypositioning.code.tex 2023-01-15 v3.1.10 (3.1.10)
)
(/usr/local/share/miktex-texmf/tex/generic/pgf/libraries/pgflibraryarrows.meta.
code.tex
File: pgflibraryarrows.meta.code.tex 2023-01-15 v3.1.10 (3.1.10)
\pgfarrowinset=\dimen194
\pgfarrowlength=\dimen195
\pgfarrowwidth=\dimen196
\pgfarrowlinewidth=\dimen197
)
(/usr/local/share/miktex-texmf/tex/latex/l3backend/l3backend-xetex.def
File: l3backend-xetex.def 2024-05-08 L3 backend support: XeTeX
\g__graphics_track_int=\count289
\l__pdf_internal_box=\box64
\g__pdf_backend_annotation_int=\count290
\g__pdf_backend_link_int=\count291
)
(Tableau tikz.aux)
\openout1 = `"Tableau tikz.aux"'.

LaTeX Font Info:    Checking defaults for OML/cmm/m/it on input line 5.
LaTeX Font Info:    ... okay on input line 5.
LaTeX Font Info:    Checking defaults for OMS/cmsy/m/n on input line 5.
LaTeX Font Info:    ... okay on input line 5.
LaTeX Font Info:    Checking defaults for OT1/cmr/m/n on input line 5.
LaTeX Font Info:    ... okay on input line 5.
LaTeX Font Info:    Checking defaults for T1/cmr/m/n on input line 5.
LaTeX Font Info:    ... okay on input line 5.
LaTeX Font Info:    Checking defaults for TS1/cmr/m/n on input line 5.
LaTeX Font Info:    Trying to load font information for TS1+cmr on input line 5
.
 (/usr/local/share/miktex-texmf/tex/latex/base/ts1cmr.fd
File: ts1cmr.fd 2023/04/13 v2.5m Standard LaTeX font definitions
)
LaTeX Font Info:    ... okay on input line 5.
LaTeX Font Info:    Checking defaults for TU/lmr/m/n on input line 5.
LaTeX Font Info:    ... okay on input line 5.
LaTeX Font Info:    Checking defaults for OMX/cmex/m/n on input line 5.
LaTeX Font Info:    ... okay on input line 5.
LaTeX Font Info:    Checking defaults for U/cmr/m/n on input line 5.
LaTeX Font Info:    ... okay on input line 5.
LaTeX Font Info:    External font `cmex10' loaded for size
(Font)              <9> on input line 26.
LaTeX Font Info:    External font `cmex10' loaded for size
(Font)              <6> on input line 26.
LaTeX Font Info:    External font `cmex10' loaded for size
(Font)              <5> on input line 26.


[1

] (Tableau tikz.aux)
 ***********
LaTeX2e <2024-06-01> patch level 2
L3 programming layer <2024-08-30>
 ***********
 ) 
Here is how much of TeX's memory you used:
 12378 strings out of 409025
 258889 string characters out of 5759681
 630581 words of memory out of 5000000
 34871 multiletter control sequences out of 15000+600000
 559908 words of font info for 44 fonts, out of 8000000 for 9000
 1348 hyphenation exceptions out of 8191
 102i,5n,107p,455b,651s stack positions out of 10000i,1000n,20000p,200000b,200000s

Output written on Tableau tikz.pdf (1 page).
